<testsuite errors="0" failures="0" name="Django Project Tests" skips="0" tests="31" time="3.328"><testcase classname="students.tests.test_signals.StudentSignalTests" name="test_add_update_student_event" time="0.013785" /><testcase classname="students.tests.test_signals.StudentSignalTests" name="test_log_exam_add_update" time="0.029167" /><testcase classname="students.tests.test_signals.StudentSignalTests" name="test_log_exam_change_groups" time="0.025591" /><testcase classname="students.tests.test_signals.StudentSignalTests" name="test_log_exam_delete" time="0.012209" /><testcase classname="students.tests.test_signals.StudentSignalTests" name="test_log_group_add_update_event" time="0.052838" /><testcase classname="students.tests.test_signals.StudentSignalTests" name="test_log_group_delete" time="0.010649" /><testcase classname="students.tests.test_signals.StudentSignalTests" name="test_log_monthjournal_add_update" time="0.017189" /><testcase classname="students.tests.test_signals.StudentSignalTests" name="test_log_monthjournal_delete" time="0.013821" /><testcase classname="students.tests.test_signals.StudentSignalTests" name="test_log_result_exam_add_update" time="0.007552" /><testcase classname="students.tests.test_signals.StudentSignalTests" name="test_log_result_exam_change_students" time="0.022093" /><testcase classname="students.tests.test_signals.StudentSignalTests" name="test_log_result_exam_delete" time="0.008755" /><testcase classname="students.tests.test_signals.StudentSignalTests" name="test_log_student_delete_event" time="0.018948" /><testcase classname="students.tests.test_contact_admin.ContactAdminFormTests" name="test_email_sent" time="0.169130" /><testcase classname="students.tests.test_student_forms.TestStudentUpdateForm" name="test_cancel_button" time="0.122685" /><testcase classname="students.tests.test_student_forms.TestStudentUpdateForm" name="test_css_and_other" time="0.253305" /><testcase classname="students.tests.test_student_forms.TestStudentUpdateForm" name="test_form" time="0.162636" /><testcase classname="students.tests.test_student_forms.TestStudentUpdateForm" name="test_success" time="0.160254" /><testcase classname="students.tests.test_student_views.TestStudentList" name="test_current_group" time="0.099807" /><testcase classname="students.tests.test_student_views.TestStudentList" name="test_order_by" time="0.136014" /><testcase classname="students.tests.test_student_views.TestStudentList" name="test_order_by_reverse" time="0.091754" /><testcase classname="students.tests.test_student_views.TestStudentList" name="test_pagination" time="0.223494" /><testcase classname="students.tests.test_student_views.TestStudentList" name="test_students_list" time="0.097531" /><testcase classname="students.tests.test_util.UtilsTestCase" name="test_boundsStuds" time="0.067472" /><testcase classname="students.tests.test_util.UtilsTestCase" name="test_get_current_group" time="0.074997" /><testcase classname="students.tests.test_util.UtilsTestCase" name="test_get_group" time="0.076233" /><testcase classname="students.tests.test_util.UtilsTestCase" name="test_paginate" time="0.073770" /><testcase classname="students.tests.test_models.ExamModelTests" name="test_unicode" time="0.000560" /><testcase classname="students.tests.test_models.GroupModelTests" name="test_unicode" time="0.006820" /><testcase classname="students.tests.test_models.MonthJournalModelTests" name="test_unicode" time="0.014088" /><testcase classname="students.tests.test_models.ResultExamModelTests" name="test_unicode" time="0.020479" /><testcase classname="students.tests.test_models.StudentModelTests" name="test_unicode" time="0.000309" /></testsuite>