<testsuite errors="0" failures="0" name="Django Project Tests" skips="0" tests="3" time="0.473"><testcase classname="students.tests.test_util.UtilsTestCase" name="test_get_current_group" time="0.028213" /><testcase classname="students.tests.test_util.UtilsTestCase" name="test_get_group" time="0.022500" /><testcase classname="students.tests.test_util.UtilsTestCase" name="test_paginate" time="0.019929" /></testsuite>