<testsuite errors="0" failures="0" name="Django Project Tests" skips="0" tests="3" time="0.465"><testcase classname="students.tests.test_util.UtilsTestCase" name="test_get_current_group" time="0.055485" /><testcase classname="students.tests.test_util.UtilsTestCase" name="test_get_group" time="0.010148" /><testcase classname="students.tests.test_util.UtilsTestCase" name="test_paginate" time="0.008709" /></testsuite>